\BOOKMARK [0][-]{part.1}{\376\377\000I\000\040\000R\000a\000p\000p\000o\000r\000t}{}% 1
\BOOKMARK [1][-]{section.1}{\376\377\000P\000r\000\351\000a\000m\000b\000u\000l\000e}{part.1}% 2
\BOOKMARK [1][-]{section.2}{\376\377\000P\000r\000\351\000s\000e\000n\000t\000a\000t\000i\000o\000n\000\040\000d\000e\000\040\000l\000'\000e\000n\000t\000r\000e\000p\000r\000i\000s\000e}{part.1}% 3
\BOOKMARK [2][-]{subsection.2.1}{\376\377\000H\000i\000s\000t\000o\000r\000i\000q\000u\000e}{section.2}% 4
\BOOKMARK [2][-]{subsection.2.2}{\376\377\000M\000o\000n\000\040\000s\000e\000r\000v\000i\000c\000e}{section.2}% 5
\BOOKMARK [2][-]{subsection.2.3}{\376\377\000O\000r\000g\000a\000n\000i\000g\000r\000a\000m\000m\000e}{section.2}% 6
\BOOKMARK [1][-]{section.3}{\376\377\000M\000e\000s\000\040\000m\000i\000s\000s\000i\000o\000n\000s}{part.1}% 7
\BOOKMARK [2][-]{subsection.3.1}{\376\377\000I\000n\000t\000r\000o\000d\000u\000c\000t\000i\000o\000n}{section.3}% 8
\BOOKMARK [2][-]{subsection.3.2}{\376\377\000M\000a\000\040\000p\000r\000e\000m\000i\000\350\000r\000e\000\040\000i\000n\000s\000t\000a\000l\000l\000a\000t\000i\000o\000n}{section.3}% 9
\BOOKMARK [2][-]{subsection.3.3}{\376\377\000C\000o\000n\000n\000e\000c\000t\000\040\000P\000r\000o}{section.3}% 10
\BOOKMARK [3][-]{subsubsection.3.3.1}{\376\377\000P\000r\000\351\000s\000e\000n\000t\000a\000t\000i\000o\000n}{subsection.3.3}% 11
\BOOKMARK [3][-]{subsubsection.3.3.2}{\376\377\000I\000n\000s\000t\000a\000l\000l\000a\000t\000i\000o\000n\000s\000\040\000C\000o\000n\000n\000e\000c\000t\000\040\000P\000r\000o}{subsection.3.3}% 12
\BOOKMARK [3][-]{subsubsection.3.3.3}{\376\377\000T\000e\000s\000t\000s\000\040\000e\000t\000\040\000v\000\351\000r\000i\000f\000i\000c\000a\000t\000i\000o\000n\000s}{subsection.3.3}% 13
\BOOKMARK [3][-]{subsubsection.3.3.4}{\376\377\000D\000i\000f\000f\000i\000c\000u\000l\000t\000\351\000s\000\040\000r\000e\000n\000c\000o\000n\000t\000r\000\351\000e\000s}{subsection.3.3}% 14
\BOOKMARK [3][-]{subsubsection.3.3.5}{\376\377\000M\000a\000\040\000c\000o\000n\000t\000r\000i\000b\000u\000t\000i\000o\000n\000\040\000\340\000\040\000l\000'\000i\000n\000n\000o\000v\000a\000t\000i\000o\000n}{subsection.3.3}% 15
\BOOKMARK [3][-]{subsubsection.3.3.6}{\376\377\000L\000e\000s\000\040\000s\000i\000m\000i\000l\000i\000t\000u\000d\000e\000s\000\040\000a\000v\000e\000c\000\040\000l\000'\000I\000U\000T}{subsection.3.3}% 16
\BOOKMARK [2][-]{subsection.3.4}{\376\377\000I\000n\000s\000t\000a\000l\000l\000a\000t\000i\000o\000n\000\040\000e\000x\000p\000e\000r\000t\000e}{section.3}% 17
\BOOKMARK [3][-]{subsubsection.3.4.1}{\376\377\000P\000r\000\351\000s\000e\000n\000t\000a\000t\000i\000o\000n}{subsection.3.4}% 18
\BOOKMARK [3][-]{subsubsection.3.4.2}{\376\377\000L\000a\000\040\000p\000r\000e\000s\000t\000a\000t\000i\000o\000n\000\040\000i\000n\000s\000t\000a\000l\000l\000a\000t\000i\000o\000n\000\040\000e\000x\000p\000e\000r\000t\000e}{subsection.3.4}% 19
\BOOKMARK [3][-]{subsubsection.3.4.3}{\376\377\000C\000o\000n\000c\000l\000u\000s\000i\000o\000n}{subsection.3.4}% 20
\BOOKMARK [2][-]{subsection.3.5}{\376\377\000L\000e\000s\000\040\000V\000Q\000S\000E\000\040\000\050\000V\000\351\000r\000i\000f\000i\000c\000a\000t\000i\000o\000n\000\040\000Q\000u\000a\000l\000i\000t\000\351\000\040\000S\000\351\000c\000u\000r\000i\000t\000\351\000\040\000E\000n\000v\000i\000r\000o\000n\000n\000e\000m\000e\000n\000t\000\051}{section.3}% 21
\BOOKMARK [3][-]{subsubsection.3.5.1}{\376\377\000E\000x\000p\000l\000i\000c\000a\000t\000i\000o\000n\000s}{subsection.3.5}% 22
\BOOKMARK [3][-]{subsubsection.3.5.2}{\376\377\000V\000Q\000S\000E\000\040\000\340\000\040\000f\000r\000o\000i\000d}{subsection.3.5}% 23
\BOOKMARK [3][-]{subsubsection.3.5.3}{\376\377\000V\000Q\000S\000E\000\040\000\340\000\040\000c\000h\000a\000u\000d}{subsection.3.5}% 24
\BOOKMARK [2][-]{subsection.3.6}{\376\377\000L\000e\000s\000\040\000d\000\351\000p\000a\000n\000n\000a\000g\000e\000s}{section.3}% 25
\BOOKMARK [3][-]{subsubsection.3.6.1}{\376\377\000M\000o\000n\000\040\000p\000r\000o\000c\000e\000s\000s\000\040\000d\000e\000\040\000d\000\351\000p\000a\000n\000n\000a\000g\000e\000\040\000f\000i\000b\000r\000e}{subsection.3.6}% 26
\BOOKMARK [3][-]{subsubsection.3.6.2}{\376\377\000L\000e\000s\000\040\000S\000A\000V\000\040\000O\000P\000O}{subsection.3.6}% 27
\BOOKMARK [2][-]{subsection.3.7}{\376\377\000L\000e\000s\000\040\000e\000x\000p\000e\000r\000t\000i\000s\000e\000s}{section.3}% 28
\BOOKMARK [2][-]{subsection.3.8}{\376\377\000M\000a\000\040\000m\000i\000s\000s\000i\000o\000n\000\040\000c\000h\000e\000z\000\040\000W\000r\000i\000g\000l\000e\000y}{section.3}% 29
\BOOKMARK [3][-]{subsubsection.3.8.1}{\376\377\000M\000i\000s\000e\000\040\000e\000n\000\040\000c\000o\000n\000t\000e\000x\000t\000e}{subsection.3.8}% 30
\BOOKMARK [3][-]{subsubsection.3.8.2}{\376\377\000O\000b\000j\000e\000c\000t\000i\000f}{subsection.3.8}% 31
\BOOKMARK [3][-]{subsubsection.3.8.3}{\376\377\000D\000\351\000r\000o\000u\000l\000e\000m\000e\000n\000t}{subsection.3.8}% 32
\BOOKMARK [3][-]{subsubsection.3.8.4}{\376\377\000C\000o\000r\000r\000\351\000l\000a\000t\000i\000o\000n\000s\000\040\000a\000v\000e\000c\000\040\000l\000e\000\040\000B\000.\000U\000.\000T\000.}{subsection.3.8}% 33
\BOOKMARK [1][-]{section.4}{\376\377\000C\000o\000n\000c\000l\000u\000s\000i\000o\000n}{part.1}% 34
\BOOKMARK [0][-]{part.2}{\376\377\000I\000I\000\040\000A\000n\000n\000e\000x\000e\000s}{}% 35
\BOOKMARK [1][-]{appendix.A}{\376\377\000G\000l\000o\000s\000s\000a\000i\000r\000e}{part.2}% 36
\BOOKMARK [1][-]{appendix.B}{\376\377\000B\000i\000b\000l\000i\000o\000g\000r\000a\000p\000h\000i\000e}{part.2}% 37
\BOOKMARK [1][-]{appendix.C}{\376\377\000I\000m\000a\000g\000e\000s}{part.2}% 38
